[debug] [2024-12-02T13:30:28.222Z] ----------------------------------------------------------------------
[debug] [2024-12-02T13:30:28.225Z] Command:       C:\Program Files\nodejs\node.exe C:\Users\seanj\AppData\Roaming\npm\node_modules\firebase-tools\lib\bin\firebase.js use default
[debug] [2024-12-02T13:30:28.225Z] CLI Version:   13.26.0
[debug] [2024-12-02T13:30:28.225Z] Platform:      win32
[debug] [2024-12-02T13:30:28.225Z] Node Version:  v22.11.0
[debug] [2024-12-02T13:30:28.226Z] Time:          Mon Dec 02 2024 21:30:28 GMT+0800 (China Standard Time)
[debug] [2024-12-02T13:30:28.226Z] ----------------------------------------------------------------------
[debug] 
[debug] [2024-12-02T13:30:28.300Z] > command requires scopes: ["email","openid","https://www.googleapis.com/auth/cloudplatformprojects.readonly","https://www.googleapis.com/auth/firebase","https://www.googleapis.com/auth/cloud-platform"]
[debug] [2024-12-02T13:30:28.300Z] > authorizing via signed-in user (seanjoshuar.reyes@gmail.com)
[debug] [2024-12-02T13:30:28.302Z] Checked if tokens are valid: true, expires at: 1733148158905
[debug] [2024-12-02T13:30:28.302Z] Checked if tokens are valid: true, expires at: 1733148158905
[debug] [2024-12-02T13:30:28.303Z] >>> [apiv2][query] GET https://cloudresourcemanager.googleapis.com/v1/projects/thesis-ad543 [none]
[debug] [2024-12-02T13:30:29.384Z] <<< [apiv2][status] GET https://cloudresourcemanager.googleapis.com/v1/projects/thesis-ad543 403
[debug] [2024-12-02T13:30:29.384Z] <<< [apiv2][body] GET https://cloudresourcemanager.googleapis.com/v1/projects/thesis-ad543 {"error":{"code":403,"message":"The caller does not have permission","status":"PERMISSION_DENIED"}}
[debug] [2024-12-02T13:30:34.392Z] Error: Timed out.
    at Timeout._onTimeout (C:\Users\seanj\AppData\Roaming\npm\node_modules\firebase-tools\lib\utils.js:269:49)
    at listOnTimeout (node:internal/timers:594:17)
    at process.processTimers (node:internal/timers:529:7)
[error] 
[error] Error: An unexpected error has occurred.
[debug] [2024-12-02T13:37:42.860Z] ----------------------------------------------------------------------
[debug] [2024-12-02T13:37:42.863Z] Command:       C:\Program Files\nodejs\node.exe C:\Users\seanj\AppData\Roaming\npm\node_modules\firebase-tools\lib\bin\firebase.js projects:list
[debug] [2024-12-02T13:37:42.863Z] CLI Version:   13.26.0
[debug] [2024-12-02T13:37:42.863Z] Platform:      win32
[debug] [2024-12-02T13:37:42.863Z] Node Version:  v22.11.0
[debug] [2024-12-02T13:37:42.863Z] Time:          Mon Dec 02 2024 21:37:42 GMT+0800 (China Standard Time)
[debug] [2024-12-02T13:37:42.864Z] ----------------------------------------------------------------------
[debug] 
[debug] [2024-12-02T13:37:42.942Z] > command requires scopes: ["email","openid","https://www.googleapis.com/auth/cloudplatformprojects.readonly","https://www.googleapis.com/auth/firebase","https://www.googleapis.com/auth/cloud-platform"]
[debug] [2024-12-02T13:37:42.942Z] > authorizing via signed-in user (seanjoshuar.reyes@gmail.com)
[debug] [2024-12-02T13:37:42.946Z] Checked if tokens are valid: true, expires at: 1733148158905
[debug] [2024-12-02T13:37:42.946Z] Checked if tokens are valid: true, expires at: 1733148158905
[debug] [2024-12-02T13:37:42.947Z] >>> [apiv2][query] GET https://firebase.googleapis.com/v1beta1/projects pageSize=1000
[debug] [2024-12-02T13:37:54.097Z] *** [apiv2] error from fetch(https://firebase.googleapis.com/v1beta1/projects?pageSize=1000, {"headers":{},"method":"GET","signal":{}}): FetchError: request to https://firebase.googleapis.com/v1beta1/projects?pageSize=1000 failed, reason: getaddrinfo ENOTFOUND firebase.googleapis.com
[debug] [2024-12-02T13:37:54.097Z] Failed to make request to https://firebase.googleapis.com/v1beta1/projects?pageSize=1000
[debug] [2024-12-02T13:37:57.398Z] FirebaseError: Failed to make request to https://firebase.googleapis.com/v1beta1/projects?pageSize=1000
    at RetryOperation._fn (C:\Users\seanj\AppData\Roaming\npm\node_modules\firebase-tools\lib\apiv2.js:261:31)
    at process.processTicksAndRejections (node:internal/process/task_queues:105:5)
[error] 
[error] Error: Failed to list Firebase projects. See firebase-debug.log for more info.
[debug] [2024-12-02T13:39:13.466Z] ----------------------------------------------------------------------
[debug] [2024-12-02T13:39:13.468Z] Command:       C:\Program Files\nodejs\node.exe C:\Users\seanj\AppData\Roaming\npm\node_modules\firebase-tools\lib\bin\firebase.js login --reauth
[debug] [2024-12-02T13:39:13.469Z] CLI Version:   13.26.0
[debug] [2024-12-02T13:39:13.469Z] Platform:      win32
[debug] [2024-12-02T13:39:13.469Z] Node Version:  v22.11.0
[debug] [2024-12-02T13:39:13.469Z] Time:          Mon Dec 02 2024 21:39:13 GMT+0800 (China Standard Time)
[debug] [2024-12-02T13:39:13.469Z] ----------------------------------------------------------------------
[debug] 
[info] 
[info] Visit this URL on this device to log in:
[info] https://accounts.google.com/o/oauth2/auth?client_id=563584335869-fgrhgmd47bqnekij5i8b5pr03ho849e6.apps.googleusercontent.com&scope=email%20openid%20https%3A%2F%2Fwww.googleapis.com%2Fauth%2Fcloudplatformprojects.readonly%20https%3A%2F%2Fwww.googleapis.com%2Fauth%2Ffirebase%20https%3A%2F%2Fwww.googleapis.com%2Fauth%2Fcloud-platform&response_type=code&state=53000285&redirect_uri=http%3A%2F%2Flocalhost%3A9005&login_hint=seanjoshuar.reyes%40gmail.com
[info] 
[info] Waiting for authentication...
